0 info it worked if it ends with ok
1 verbose cli [ '/home/xiquan/WORK_DIRECTORY/out/nodejs/bin/node',
1 verbose cli   '/home/xiquan/WORK_DIRECTORY/out/nodejs/bin/npm',
1 verbose cli   'link' ]
2 info using npm@1.4.21
3 info using node@v0.10.30
4 verbose linkPkg /home/xiquan/WORK_DIRECTORY/src/node_modules/ws
5 error Error: ENOENT, open '/home/xiquan/WORK_DIRECTORY/src/node_modules/ws/package.json'
6 error If you need help, you may report this *entire* log,
6 error including the npm and node versions, at:
6 error     <http://github.com/npm/npm/issues>
7 error System Linux 3.8.13.13-cdos
8 error command "/home/xiquan/WORK_DIRECTORY/out/nodejs/bin/node" "/home/xiquan/WORK_DIRECTORY/out/nodejs/bin/npm" "link"
9 error cwd /home/xiquan/WORK_DIRECTORY/src/node_modules/ws
10 error node -v v0.10.30
11 error npm -v 1.4.21
12 error path /home/xiquan/WORK_DIRECTORY/src/node_modules/ws/package.json
13 error code ENOENT
14 error errno 34
15 verbose exit [ 34, true ]
